C51 COMPILER V9.60.0.0   CAR                                                               12/01/2019 14:15:10 PAGE 1   


C51 COMPILER V9.60.0.0, COMPILATION OF MODULE CAR
OBJECT MODULE PLACED IN .\Objects\car.obj
COMPILER INVOKED BY: C:\Users\IFEG8\AppData\Local\Arm\Keil\C51\BIN\C51.EXE car.c OPTIMIZE(8,SPEED) BROWSE INCDIR(..\..\A
                    -ppData\Local\Arm\Keil\C51\INC\Atmel) DEBUG OBJECTEXTEND PRINT(.\Listings\car.lst) TABS(2) OBJECT(.\Objects\car.obj)

line level    source

   1          #include <stdlib.h>
   2          #include <at89x51.h>
   3          #include <intrins.h>
   4          
   5          #define TRIG P1_7
   6          #define ECHO P1_6
   7          
   8          #define FORWARD 0
   9          #define LEFT 1
  10          #define RIGHT 2
  11          
  12          sbit L298N_EN1 = P1^0;
  13          sbit L298N_EN2 = P1^1;
  14          sbit L298N_IN1 = P1^2;
  15          sbit L298N_IN2 = P1^3;
  16          sbit L298N_IN3 = P1^4;
  17          sbit L298N_IN4 = P1^5;
  18          sbit infraredF = P2^5;
  19          sbit infraredR = P2^7;
  20          sbit infraredL = P2^6;
  21          
  22          bit flag = 0;
  23          bit directionFlag = FORWARD;
  24          
  25          unsigned int time = 0;
  26          unsigned long dist = 0;
  27          
  28          void delay1ms(unsigned int i)
  29          {
  30   1        unsigned char j, k;
  31   1        do
  32   1        {
  33   2          j = 10;
  34   2          do
  35   2          {
  36   3            k = 50;
  37   3            do
  38   3            {
  39   4              _nop_();
  40   4            } while (--k);
  41   3          } while (--j);
  42   2        } while (--i);
  43   1      }
  44          
  45          void delay10us(unsigned char i)
  46          {
  47   1        unsigned char j;
  48   1        do
  49   1        {
  50   2          j = 10;
  51   2          do
  52   2          {
  53   3            _nop_();
  54   3          } while (--j);
C51 COMPILER V9.60.0.0   CAR                                                               12/01/2019 14:15:10 PAGE 2   

  55   2        } while (--i);
  56   1      }
  57          
  58          void forward()
  59          {
  60   1        L298N_IN1 = 1;
  61   1        L298N_IN2 = 0;
  62   1        L298N_IN3 = 1;
  63   1        L298N_IN4 = 0;
  64   1      }
  65          
  66          void backward()
  67          {
  68   1        L298N_IN1 = 0;
  69   1        L298N_IN2 = 1;
  70   1        L298N_IN3 = 0;
  71   1        L298N_IN4 = 1;
  72   1      }
  73          
  74          void turnRight()
  75          {
  76   1        L298N_IN1 = 0;
  77   1        L298N_IN2 = 1;
  78   1        L298N_IN3 = 1;
  79   1        L298N_IN4 = 0;
  80   1      }
  81          
  82          void turnLeft()
  83          {
  84   1        L298N_IN1 = 1;
  85   1        L298N_IN2 = 0;
  86   1        L298N_IN3 = 0;
  87   1        L298N_IN4 = 1;
  88   1      }
  89          
  90          void stop()
  91          {
  92   1        L298N_IN1 = 0;
  93   1        L298N_IN2 = 0;
  94   1        L298N_IN3 = 0;
  95   1        L298N_IN4 = 0;
  96   1      }
  97          
  98          int random(){
  99   1        srand(dist);
 100   1        return rand();
 101   1      }
 102          
 103          void startModule()
 104          {
 105   1        TRIG = 1;
 106   1        delay10us(2);
 107   1        TRIG = 0;
 108   1      }
 109          
 110          void timer()
 111          {
 112   1        TR1 = 1;
 113   1        while (ECHO)
 114   1          ;
 115   1        TR1 = 0;
 116   1      }
C51 COMPILER V9.60.0.0   CAR                                                               12/01/2019 14:15:10 PAGE 3   

 117          
 118          void zd0() interrupt 3
 119          {
 120   1        flag = 1;
 121   1        ECHO = 0;
 122   1      }
 123          
 124          void distance()
 125          {
 126   1        time = TH1 * 256 + TL1;
 127   1        TH1 = 0;
 128   1        TL1 = 0;
 129   1        dist = time * 0.34;
 130   1      }
 131          
 132          void turn(){
 133   1        if (directionFlag == LEFT)
 134   1          {
 135   2            turnLeft();
 136   2          }
 137   1          else if (directionFlag == RIGHT)
 138   1          {
 139   2            turnRight();
 140   2          }
 141   1          else
 142   1          {
 143   2            if (random() % 2)
 144   2            {
 145   3              turnLeft();
 146   3              directionFlag = LEFT;
 147   3            }
 148   2            else
 149   2            {
 150   3              turnRight();
 151   3              directionFlag = RIGHT;
 152   3            }
 153   2          }
 154   1          delay1ms(400);
 155   1      }
 156          
 157          void side(){
 158   1        if(!infraredF){
 159   2          stop();
 160   2          delay1ms(50);
 161   2          backward();
 162   2          delay1ms(600);
 163   2          stop();
 164   2          delay1ms(50);
 165   2          turn();
 166   2        }
 167   1        if(infraredL&&!infraredR){
 168   2          turnRight();
 169   2          delay1ms(200);
 170   2        }
 171   1        if(!infraredL&&infraredR){
 172   2          turnLeft();
 173   2          delay1ms(200);
 174   2        } 
 175   1      }
 176          
 177          void goo()
 178          {
C51 COMPILER V9.60.0.0   CAR                                                               12/01/2019 14:15:10 PAGE 4   

 179   1        side();
 180   1        switch (dist / 100)
 181   1        {
 182   2        case 0:
 183   2        case 1:
 184   2        case 2:
 185   2          stop();
 186   2          delay1ms(50);
 187   2          backward();
 188   2          delay1ms(400);
 189   2        case 3:
 190   2        case 4:
 191   2          stop();
 192   2          delay1ms(50);
 193   2          turn();
 194   2          break;
 195   2        default:
 196   2          forward();
 197   2          directionFlag = FORWARD;
 198   2        }
 199   1      }
 200          
 201          void main()
 202          {
 203   1        unsigned int a;
 204   1        delay1ms(5);
 205   1        TMOD = TMOD | 0x10;
 206   1        EA = 1;
 207   1        TH1 = 0;
 208   1        TL1 = 0;
 209   1        ET1 = 1;
 210   1        while (1)
 211   1        {
 212   2          ECHO = 1;
 213   2          startModule();
 214   2          for (a = 951; a > 0; a--)
 215   2          {
 216   3            if (ECHO)
 217   3            {
 218   4              timer();
 219   4              distance();
 220   4              goo();
 221   4            }
 222   3          }
 223   2        }
 224   1      }


MODULE INFORMATION:   STATIC OVERLAYABLE
   CODE SIZE        =    412    ----
   CONSTANT SIZE    =   ----    ----
   XDATA SIZE       =   ----    ----
   PDATA SIZE       =   ----    ----
   DATA SIZE        =      6       2
   IDATA SIZE       =   ----    ----
   BIT SIZE         =      2    ----
END OF MODULE INFORMATION.


C51 COMPILATION COMPLETE.  0 WARNING(S),  0 ERROR(S)
